9293 11857 118 3
9640 12303 139 3
8092 10397 102 3
7839 10063 111 3
8121 10414 120 3
8414 10746 128 3
9761 12468 123 3
9321 11926 130 3
8174 10449 102 3
9050 11543 116 3
9969 12755 132 3
8777 11273 114 3
9110 11633 115 3
9075 11610 126 3
8059 10317 114 3
8117 10376 105 3
8239 10518 112 3
8816 11275 121 3
8662 11072 124 3
9035 11557 122 3
8804 11257 123 3
7601 9747 91 3
9456 12092 114 3
9353 11974 128 3
9091 11635 122 3
9097 11631 113 3
8032 10289 105 3
8893 11377 107 3
7972 10207 119 3
8035 10264 109 3
9341 11932 119 3
8411 10748 115 3
9183 11728 114 3
9050 11573 118 3
9259 11831 105 3
8497 10868 102 3
7981 10208 110 3
8991 11452 121 3
8744 11156 111 3
8189 10484 107 3
7585 9683 107 3
8685 11071 116 3
8688 11113 116 3
7986 10214 105 3
8026 10261 104 3
8772 11228 115 3
8794 11227 107 3
8540 10930 105 3
9409 12029 130 3
8949 11459 112 3
8305 10637 105 3
9419 12033 121 3
8813 11263 105 3
8349 10689 115 3
9523 12154 137 3
8578 10972 116 3
7962 10175 107 3
9295 11867 145 3
8381 10736 100 3
8540 10907 110 3
9483 12111 135 3
9813 12530 146 3
8037 10291 97 3
8859 11350 131 3
9011 11543 122 3
9152 11666 113 3
9297 11883 117 3
8147 10430 117 3
8386 10732 108 3
8150 10438 115 3
7828 10029 101 3
8267 10481 114 3
7996 10246 115 3
8978 11478 129 3
8713 11141 122 3
9237 11787 116 3
9583 12259 118 3
9531 12205 121 3
9172 11698 119 3
9197 11776 115 3
9440 12071 126 3
8199 10490 105 3
8973 11465 123 3
8807 11266 105 3
8925 11422 115 3
8228 10518 98 3
9876 12600 132 3
8563 10953 114 3
9315 11923 118 3
8273 10545 116 3
8721 11173 109 3
9298 11869 116 3
9014 11527 131 3
8928 11424 133 3
9483 12109 127 3
7345 9406 101 3
8443 10815 115 3
8950 11450 113 3
9045 11563 140 3
9203 11767 128 3
9334 11948 133 3
8446 10798 109 3
8447 10792 118 3
9151 11712 118 3
9369 11956 124 3
8569 10934 119 3
8107 10362 109 3
9302 11855 128 3
8747 11188 130 3
9110 11627 132 3
8349 10637 95 3
8260 10572 107 3
8871 11352 116 3
9805 12517 123 3
8521 10895 121 3
8845 11283 119 3
8042 10293 108 3
8674 11087 117 3
9085 11620 130 3
8415 10771 116 3
9246 11806 121 3
8603 10988 105 3
8236 10516 115 3
9150 11684 104 3
7927 10118 96 3
8190 10500 106 3
9137 11687 108 3
8590 10970 116 3
8359 10712 103 3
8931 11442 134 3
9587 12252 135 3
9047 11588 112 3
8157 10442 97 3
8176 10467 110 3
7911 10097 97 3
9238 11818 121 3
9076 11608 129 3
8353 10656 98 3
8246 10540 112 3
8577 10972 105 3
8488 10835 102 3
8854 11338 118 3
8483 10833 113 3
8423 10763 112 3
7870 10073 98 3
8149 10450 99 3
9348 11929 111 3
9172 11726 128 3
9526 12192 125 3
8675 11129 104 3
7945 10192 106 3
9726 12432 111 3
9085 11550 127 3
9568 12250 119 3
8553 10956 111 3
9260 11832 129 3
9490 12135 127 3
8551 10906 102 3
9295 11868 119 3
8972 11407 127 3
9065 11606 124 3
8148 10476 103 3
9089 11603 124 3
9488 12127 120 3
9122 11623 115 3
9097 11636 112 3
9120 11617 125 3
8340 10673 102 3
8729 11152 119 3
8606 11019 132 3
8513 10901 115 3
8064 10321 101 3
8732 11179 106 3
8106 10357 103 3
9063 11578 106 3
8819 11283 131 3
9074 11598 124 3
8154 10438 108 3
8657 11102 107 3
8301 10610 125 3
9209 11747 120 3
9201 11712 117 3
8999 11507 135 3
8372 10703 98 3
8837 11292 139 3
8449 10802 103 3
9036 11545 117 3
9093 11612 113 3
9334 11924 118 3
8315 10627 110 3
9243 11812 128 3
9578 12246 117 3
8412 10769 116 3
9054 11585 109 3
8473 10840 115 3
9637 12324 123 3
8025 10273 115 3
8140 10392 97 3
9405 11949 117 3
9199 11759 108 3
8336 10658 121 3
7884 10082 101 3
9154 11705 103 3
9253 11810 123 3
8280 10580 98 3
8283 10589 102 3
8964 11460 126 3
8925 11390 101 3
9036 11504 125 3
9994 12745 152 3
8464 10813 131 3
8886 11388 107 3
8589 10986 129 3
8461 10770 96 3
8531 10911 115 3
9115 11658 120 3
9190 11814 118 3
8952 11445 105 3
9437 12075 122 3
9323 11895 124 3
8635 11020 111 3
8929 11437 127 3
9090 11611 115 3
7968 10190 114 3
9119 11661 111 3
9152 11742 127 3
9019 11550 122 3
8049 10332 119 3
8272 10567 83 3
8685 11072 103 3
8005 10272 99 3
9650 12347 135 3
9529 12161 121 3
8759 11192 113 3
10134 12911 140 3
8726 11184 112 3
8977 11466 111 3
9462 12086 119 3
8478 10836 102 3
9241 11839 118 3
9850 12602 128 3
9420 12050 123 3
8472 10832 97 3
8668 11089 115 3
9323 11922 120 3
8582 10961 103 3
9187 11750 124 3
9533 12160 128 3
8629 11048 110 3
8785 11245 122 3
8388 10735 116 3
9615 12301 127 3
7879 10050 114 3
7786 9927 103 3
9199 11743 114 3
9517 12141 151 3
9422 12040 128 3
8374 10719 117 3
9668 12364 118 3
9030 11535 116 3
9168 11720 117 3
7582 9705 87 3
8546 10923 132 3
8284 10584 110 3
8734 11186 120 3
9065 11575 111 3
9130 11669 131 3
9425 12059 126 3
7749 9904 113 3
7990 10227 101 3
8539 10909 108 3
9256 11809 136 3
7950 10174 106 3
7879 10066 96 3
8355 10686 109 3
9339 11938 111 3
9117 11643 120 3
8111 10386 106 3
8968 11438 103 3
8693 11126 110 3
8526 10899 106 3
8896 11368 121 3
8902 11378 110 3
8475 10833 111 3
9585 12208 118 3
8480 10817 122 3
7989 10213 103 3
8505 10864 121 3
9352 11982 143 3
8122 10398 101 3
9137 11721 133 3
9555 12203 128 3
8673 11106 116 3
8640 11053 125 3
9089 11594 105 3
8881 11347 130 3
8247 10580 102 3
9141 11674 115 3
8896 11323 117 3
8122 10443 103 3
8974 11461 122 3
7927 10145 99 3
8457 10814 113 3
9129 11660 123 3
9779 12505 123 3
9267 11845 118 3
9331 11917 119 3
8322 10636 119 3
8009 10260 106 3
8856 11341 118 3
7854 10075 115 3
9065 11571 126 3
8419 10739 113 3
8021 10285 94 3
7826 10010 116 3
8999 11523 133 3
7984 10249 110 3
9652 12326 123 3
9196 11765 131 3
8213 10503 109 3
8016 10246 109 3
9933 12698 148 3
9719 12389 111 3
9189 11752 110 3
9004 11499 121 3
8363 10677 120 3
8452 10781 129 3
8735 11157 106 3
8598 10996 99 3
8915 11405 114 3
9283 11846 121 3
9060 11586 113 3
9457 12084 111 3
8505 10855 108 3
9683 12374 130 3
8364 10680 112 3
9469 12118 118 3
8843 11309 111 3
8497 10866 123 3
8814 11274 105 3
9581 12236 136 3
9223 11791 113 3
9968 12731 137 3
9472 12109 124 3
8713 11144 116 3
8113 10373 118 3
7991 10231 93 3
8882 11385 109 3
9258 11844 108 3
9450 12080 108 3
7782 9977 109 3
9626 12279 139 3
9040 11516 104 3
9626 12290 128 3
8990 11507 110 3
9235 11835 121 3
9278 11860 122 3
8762 11199 118 3
9088 11603 125 3
8995 11488 123 3
8056 10318 101 3
8624 11009 118 3
8897 11396 131 3
9087 11609 115 3
8914 11406 126 3
8632 11036 89 3
8952 11436 119 3
8678 11104 113 3
8041 10310 111 3
9140 11688 128 3
9486 12101 131 3
9640 12320 133 3
8550 10949 121 3
9420 12051 115 3
9259 11834 122 3
8435 10797 107 3
9176 11733 106 3
9094 11642 109 3
8726 11150 120 3
9650 12336 134 3
9518 12164 108 3
7882 10109 107 3
8465 10815 113 3
8910 11398 112 3
9036 11519 124 3
9818 12548 131 3
8845 11285 124 3
9430 11984 116 3
8881 11331 117 3
9344 11941 135 3
8853 11318 119 3
8538 10929 105 3
9903 12671 124 3
8583 10952 110 3
8178 10461 96 3
7829 10012 97 3
9379 11993 136 3
8167 10390 105 3
8323 10638 111 3
8759 11217 115 3
8588 10992 108 3
8636 11038 113 3
9213 11777 122 3
8908 11377 123 3
9326 11911 116 3
8423 10770 125 3
8944 11452 105 3
9463 12129 123 3
8051 10319 106 3
8885 11321 122 3
9581 12227 128 3
9048 11567 113 3
7961 10177 95 3
9769 12503 121 3
9599 12259 137 3
8956 11485 123 3
8276 10584 115 3
9016 11537 116 3
9380 11995 122 3
8496 10836 99 3
8339 10669 115 3
8649 11059 118 3
9318 11914 117 3
9221 11824 124 3
8175 10478 108 3
9258 11812 116 3
9821 12557 148 3
9380 11955 127 3
9429 12022 134 3
9276 11845 147 3
9516 12175 132 3
9124 11657 104 3
8133 10415 101 3
9611 12294 113 3
7979 10215 96 3
8132 10394 103 3
8037 10293 98 3
9487 12121 114 3
8554 10892 114 3
9387 11990 118 3
8052 10295 112 3
8866 11327 130 3
8165 10435 106 3
9204 11748 126 3
9580 12245 129 3
9399 12013 129 3
9733 12420 137 3
8598 10997 104 3
7531 9591 107 3
9626 12289 119 3
9042 11559 122 3
9349 11942 119 3
8403 10770 122 3
9628 12295 132 3
8804 11260 110 3
9104 11635 111 3
7975 10181 90 3
9126 11764 118 3
9318 11903 130 3
9209 11752 129 3
9231 11792 128 3
9404 12017 130 3
8317 10651 118 3
9087 11644 132 3
9251 11796 132 3
8280 10579 101 3
8220 10531 99 3
8600 10984 103 3
9448 12061 127 3
9277 11855 133 3
9512 12121 123 3
8938 11414 112 3
9344 11938 114 3
9324 11926 122 3
8821 11277 118 3
8812 11256 133 3
9155 11710 122 3
8579 10976 116 3
9808 12495 129 3
9500 12145 136 3
8466 10826 108 3
8457 10805 114 3
8507 10850 111 3
8965 11473 114 3
8143 10424 111 3
8413 10718 118 3
9196 11749 114 3
9202 11716 134 3
8614 11014 107 3
9600 12236 119 3
9493 12116 114 3
7978 10196 103 3
9107 11646 128 3
9343 11918 119 3
9280 11832 128 3
9398 11996 122 3
8596 10975 122 3
8295 10575 114 3
8513 10886 92 3
9089 11618 128 3
7617 9744 99 3
9531 12197 123 3
8037 10272 107 3
8271 10573 103 3
9287 11868 112 3
8290 10604 118 3
103 114 139 3
8673 11107 114 3
8370 10700 105 3
8493 10839 118 3
9460 12076 125 3
8560 10941 108 3
8740 11177 115 3
8772 11196 121 3
8657 11070 100 3
8125 10421 106 3
9466 12104 129 3
8036 10303 108 3
8633 11049 134 3
8946 11430 118 3
8759 11205 124 3
8785 11247 105 3
9450 12053 123 3
8574 10973 117 3
8546 10896 111 3
8022 10302 114 3
8770 11228 123 3
9112 11665 128 3
8645 11055 114 3
9647 12299 128 3
8911 11417 111 3
8884 11362 111 3
8388 10744 123 3
8617 11027 103 3
9320 11936 119 3
9211 11748 107 3
8277 10589 117 3
7811 10006 100 3
8495 10875 115 3
8546 10934 101 3
8432 10784 110 3
9305 11887 111 3
9604 12277 136 3
10056 12836 155 3
8743 11171 122 3
7750 9891 101 3
8899 11384 110 3
9918 12683 144 3
8203 10485 102 3
8443 10805 119 3
7804 9999 110 3
9156 11707 110 3
7967 10184 118 3
8650 11055 131 3
9340 11888 121 3
7470 9584 99 3
9124 11680 123 3
8771 11197 126 3
9536 12166 139 3
9075 11608 122 3
8908 11408 123 3
8716 11124 107 3
9291 11886 132 3
9094 11635 118 3
8353 10674 107 3
8427 10792 110 3
8522 10899 113 3
9227 11797 127 3
8566 10919 122 3
9579 12219 111 3
8665 11098 107 3
7960 10191 110 3
9040 11558 134 3
8443 10788 124 3
8564 10944 123 3
8373 10700 115 3
9442 12065 128 3
9154 11682 117 3
8248 10551 110 3
8994 11503 113 3
8724 11137 120 3
9664 12349 117 3
9617 12287 141 3
9007 11484 118 3
9163 11715 125 3
8288 10615 108 3
8867 11342 124 3
9163 11730 129 3
9134 11683 123 3
8986 11478 135 3
8876 11363 121 3
9400 12015 112 3
9233 11799 127 3
9327 11912 112 3
9567 12193 127 3
8976 11468 124 3
8305 10645 121 3
7966 10186 110 3
9344 11946 125 3
9057 11562 144 3
8054 10346 116 3
8931 11435 115 3
8131 10406 99 3
9255 11807 114 3
9495 12122 124 3
7633 9778 99 3
9701 12409 119 3
9218 11781 111 3
9059 11589 124 3
9676 12354 112 3
7912 10128 113 3
9205 11784 124 3
9315 11890 127 3
7937 10132 100 3
8871 11365 99 3
8842 11299 112 3
8502 10877 114 3
9415 12038 130 3
9127 11691 132 3
8367 10727 118 3
9051 11598 106 3
8099 10351 101 3
9154 11718 114 3
8456 10814 106 3
9221 11783 116 3
8690 11130 113 3
9285 11878 126 3
8408 10751 117 3
9052 11565 130 3
8868 11321 119 3
8424 10739 108 3
9155 11702 120 3
9237 11791 117 3
8518 10871 114 3
8295 10594 121 3
8545 10909 104 3
8014 10281 107 3
8496 10861 111 3
9009 11505 122 3
8435 10774 112 3
9138 11681 129 3
8023 10272 118 3
8804 11282 131 3
9024 11532 119 3
8279 10536 87 3
9379 11987 131 3
8013 10256 120 3
9169 11715 112 3
8584 10971 112 3
8331 10639 106 3
9501 12147 144 3
8372 10693 106 3
9268 11822 125 3
8889 11368 113 3
9105 11647 126 3
8801 11267 116 3
9468 12067 120 3
8302 10619 119 3
7739 9879 90 3
8953 11451 119 3
8662 11079 114 3
8734 11158 117 3
9550 12177 138 3
8625 11033 119 3
7756 9934 92 3
9517 12184 116 3
8375 10721 135 3
9215 11767 120 3
8239 10523 113 3
7896 10129 102 3
9718 12411 121 3
8925 11399 108 3
8595 10992 113 3
8796 11263 132 3
8488 10859 113 3
9452 12084 127 3
8751 11176 117 3
8425 10747 113 3
8730 11161 112 3
8033 10283 104 3
8897 11302 109 3
8950 11429 111 3
9109 11651 128 3
8442 10777 107 3
8465 10816 117 3
7696 9848 92 3
7880 10086 95 3
8350 10680 107 3
8160 10427 105 3
8474 10841 106 3
8039 10285 115 3
8136 10394 116 3
9287 11867 118 3
7971 10206 108 3
8979 11476 124 3
8568 10954 102 3
8967 11481 117 3
8587 10988 111 3
8659 11083 133 3
8787 11224 130 3
8821 11271 114 3
9114 11639 123 3
8918 11402 123 3
7690 9875 100 3
8306 10609 123 3
9831 12550 132 3
8774 11225 112 3
9541 12182 137 3
7948 10174 103 3
8252 10574 105 3
8446 10804 110 3
8125 10322 108 3
8365 10687 112 3
8891 11379 134 3
7934 10155 108 3
9399 11995 119 3
8854 11314 108 3
8866 11334 122 3
7868 10075 117 3
9663 12361 135 3
9688 12364 140 3
8518 10900 122 3
8939 11400 111 3
9385 12003 140 3
7791 9970 105 3
8198 10477 101 3
8697 11121 103 3
9461 12084 115 3
8232 10561 105 3
8469 10836 109 3
8880 11354 122 3
9572 12206 133 3
8833 11308 118 3
9087 11627 121 3
8719 11167 113 3
8161 10435 110 3
9156 11677 121 3
9325 11926 113 3
9579 12282 123 3
9178 11711 147 3
9259 11847 122 3
9493 12137 126 3
9261 11833 137 3
8524 10922 103 3
9081 11594 116 3
9489 12133 124 3
8083 10325 107 3
9365 11969 118 3
9397 12038 115 3
9225 11772 111 3
8953 11435 131 3
10030 12827 145 3
9014 11519 125 3
9218 11775 133 3
9553 12185 140 3
9337 11975 125 3
9431 12045 132 3
8475 10814 114 3
8128 10391 118 3
9487 12110 138 3
9586 12259 130 3
8994 11503 137 3
7948 10175 106 3
8608 11004 122 3
8292 10606 102 3
8201 10456 121 3
9115 11644 112 3
9246 11824 116 3
8113 10406 107 3
9181 11747 137 3
9659 12359 117 3
8729 11171 119 3
8860 11321 108 3
9309 11928 127 3
9512 12162 119 3
8861 11322 122 3
7793 9992 83 3
8444 10811 116 3
8419 10777 97 3
8298 10645 108 3
8414 10755 111 3
7760 9950 96 3
7758 9922 104 3
10048 12834 140 3
8463 10828 112 3
8035 10288 104 3
9327 11934 129 3
8283 10605 111 3
9017 11535 115 3
7873 10085 124 3
8672 11119 115 3
9482 12128 120 3
9458 12096 108 3
8434 10794 110 3
9676 12383 120 3
9537 12182 132 3
7823 10000 100 3
8824 11286 111 3
9402 11991 109 3
8673 11123 125 3
8801 11258 105 3
8287 10576 113 3
8496 10866 108 3
9399 12014 125 3
8236 10527 119 3
8417 10762 112 3
8814 11286 124 3
9596 12263 125 3
7985 10225 112 3
8846 11304 115 3
9868 12633 129 3
8788 11241 124 3
9582 12267 130 3
8175 10454 106 3
9573 12207 134 3
9483 12100 131 3
9157 11702 115 3
9025 11529 113 3
9162 11712 118 3
9580 12227 126 3
9533 12173 124 3
7949 10157 102 3
9113 11647 113 3
9783 12510 124 3
7896 10096 108 3
8994 11510 103 3
9737 12449 115 3
9091 11626 125 3
8394 10745 108 3
8099 10384 109 3
9296 11870 130 3
8037 10245 111 3
9191 11776 127 3
9230 11794 111 3
8919 11417 120 3
8274 10584 109 3
8640 11057 98 3
8384 10687 108 3
7820 9995 95 3
8868 11358 118 3
8539 10886 117 3
9027 11531 114 3
8664 11080 117 3
9203 11762 144 3
7939 10161 105 3
8840 11267 132 3
9067 11589 116 3
7619 9749 100 3
7980 10191 112 3
8400 10703 131 3
9708 12432 144 3
7458 9555 110 3
8439 10781 101 3
9258 11835 108 3
9268 11833 128 3
9925 12673 150 3
8237 10478 107 3
8170 10437 119 3
8761 11198 111 3
9517 12174 130 3
9076 11617 107 3
7845 10032 108 3
8892 11340 102 3
8287 10579 113 3
8625 11037 127 3
8963 11432 141 3
8698 11103 116 3
9007 11515 118 3
8247 10541 104 3
8345 10698 102 3
7801 9998 121 3
8315 10655 114 3
9391 11982 140 3
7979 10219 111 3
8529 10920 114 3
8821 11273 115 3
9197 11743 133 3
9431 12087 121 3
9049 11573 112 3
7789 9954 101 3
8101 10345 113 3
9049 11594 117 3
9404 12031 123 3
9210 11780 107 3
9053 11551 126 3
9179 11671 114 3
9600 12273 124 3
8198 10519 106 3
7922 10177 106 3
8957 11490 114 3
8019 10270 110 3
9364 11971 135 3
8625 11046 110 3
8530 10922 118 3
7593 9721 97 3
9029 11544 120 3
8825 11285 116 3
8562 10937 106 3
8756 11220 104 3
8330 10659 110 3
9250 11828 123 3
8306 10623 95 3
9439 12065 129 3
8404 10740 101 3
8772 11171 103 3
8838 11297 119 3
8911 11402 118 3
8268 10590 108 3
7596 9742 97 3
9294 11886 129 3
8307 10594 112 3
9443 12062 117 3
8969 11463 130 3
9104 11621 123 3
8895 11385 102 3
8849 11326 105 3
7844 10072 104 3
8598 10967 115 3
9303 11904 120 3
8899 11390 126 3
7739 9914 104 3
9284 11884 127 3
9645 12343 125 3
8878 11350 122 3
8078 10343 92 3
8826 11304 105 3
9161 11707 130 3
9091 11622 113 3
9200 11758 113 3
8444 10811 118 3
8242 10524 118 3
8578 10975 118 3
8348 10687 110 3
8245 10552 110 3
9322 11922 107 3
9564 12241 126 3
8167 10456 112 3
8853 11293 130 3
9306 11844 110 3
8593 10965 103 3
8707 11077 108 3
9009 11484 140 3
7592 9708 96 3
9037 11530 124 3
9560 12207 121 3
9667 12361 125 3
7917 10135 117 3
9432 12057 121 3
8047 10310 98 3
8931 11416 134 3
9624 12294 132 3
9344 11959 119 3
9428 12039 130 3
8090 10349 105 3
8049 10300 96 3
8699 11123 123 3
8941 11438 99 3
9560 12185 118 3
8829 11292 134 3
8633 11035 122 3
9689 12407 119 3
9281 11899 125 3
8211 10464 121 3
9114 11655 120 3
9222 11805 114 3
9536 12183 120 3
9270 11852 139 3
8856 11292 120 3
9194 11763 128 3
9681 12358 123 3
8499 10861 98 3
8494 10845 105 3
8160 10407 96 3
9436 12063 125 3
9654 12333 145 3
8850 11315 119 3
9375 11983 130 3
8888 11338 122 3
8927 11403 131 3
8145 10434 114 3
8552 10946 122 3
8323 10645 110 3
9091 11591 117 3
9396 12006 137 3
8318 10618 124 3
8190 10467 103 3
9666 12363 128 3
8383 10719 120 3
9049 11537 106 3
9586 12222 136 3
9136 11670 114 3
7740 9923 108 3
7749 9938 97 3
9430 12066 110 3
9652 12356 136 3
9326 11909 139 3
9058 11570 125 3
8607 11021 118 3
9256 11809 132 3
8561 10929 106 3
8262 10553 106 3
8205 10500 115 3
8888 11333 127 3
8662 11067 118 3
8539 10935 130 3
9022 11515 118 3
8455 10844 115 3
8861 11326 117 3
9125 11669 102 3
8759 11205 114 3
9326 11952 139 3
8631 11035 111 3
8857 11341 97 3
8361 10714 102 3
9054 11552 115 3
7864 10055 104 3
8344 10709 102 3
9321 11921 116 3
8012 10223 106 3
8225 10511 98 3
9519 12162 133 3
8883 11332 111 3
8222 10498 108 3
8108 10356 109 3
7896 10103 104 3
9112 11629 126 3
8333 10647 104 3
8166 10448 105 3
9122 11668 115 3
7919 10126 100 3
7594 9732 96 3
8289 10584 118 3
8180 10465 108 3
9045 11561 114 3
9057 11596 100 3
9015 11514 118 3
8634 11040 107 3
8765 11193 104 3
8404 10742 101 3
9036 11504 97 3
8736 11173 107 3
8525 10908 104 3
9016 11491 116 3
8677 11092 126 3
9011 11518 121 3
8965 11452 127 3
9168 11743 124 3
9297 11912 113 3
9399 11985 117 3
9549 12216 134 3
8801 11213 115 3
8775 11188 114 3
9658 12357 142 3
8834 11303 106 3
9130 11673 124 3
9187 11731 118 3
8865 11309 124 3
9309 11834 128 3
8460 10789 93 3
8948 11399 126 3
7722 9839 94 3
8227 10489 107 3
8111 10364 99 3
9163 11686 114 3
8376 10683 118 3
9587 12231 141 3
8788 11226 107 3
9462 12077 144 3
9289 11886 114 3
9342 11935 134 3
8605 10995 100 3
9098 11634 125 3
7702 9855 127 3
8636 11069 106 3
9057 11526 115 3
9224 11807 124 3
9433 12064 110 3
8290 10605 115 3
7913 10156 113 3
8914 11396 133 3
8920 11366 122 3
9591 12224 134 3
8969 11476 116 3
9121 11666 124 3
8235 10585 111 3
8515 10882 98 3
9395 11991 119 3
8716 11163 104 3
8456 10843 103 3
9700 12391 125 3
8584 10981 131 3
8830 11285 114 3
8740 11181 113 3
9117 11643 122 3
9345 11945 109 3
8707 11151 109 3
8181 10435 115 3
7742 9906 107 3
8814 11252 117 3
9438 12054 121 3
9040 11560 100 3
8283 10571 85 3
8022 10244 121 3
8000 10223 113 3
8442 10801 109 3
9143 11684 111 3
9450 12096 135 3
9052 11558 105 3
9227 11839 122 3
9302 11896 126 3
8873 11348 108 3
8251 10538 114 3
8521 10913 114 3
9095 11635 108 3
8578 10968 110 3
9535 12189 118 3
9297 11887 139 3
7973 10214 107 3
8742 11161 110 3
8731 11160 106 3
9655 12333 111 3
8774 11194 128 3
8929 11424 121 3
9100 11636 120 3
9603 12273 122 3
8585 10979 123 3
9434 12058 116 3
7868 10060 96 3
8644 11064 111 3
8900 11385 115 3
9170 11737 134 3
8830 11258 119 3
8991 11500 109 3
8057 10309 106 3
8820 11246 114 3
8400 10740 103 3
9245 11801 121 3
9094 11619 121 3
8301 10632 101 3
8975 11478 115 3
8663 11091 118 3
8403 10743 109 3
9199 11740 120 3
9690 12409 134 3
9238 11794 129 3
8572 10978 115 3
9555 12183 132 3
8162 10451 98 3
9580 12278 132 3
8896 11376 118 3
9720 12429 134 3
8897 11373 109 3
7850 10048 99 3
7659 9810 106 3
8420 10770 112 3
9070 11575 125 3
8418 10761 100 3
8502 10861 113 3
9196 11744 133 3
7559 9598 100 3
9668 12343 133 3
8229 10525 103 3
9257 11814 116 3
7751 9936 103 3
7801 9984 107 3
9096 11619 123 3
9309 11888 120 3
8875 11360 108 3
9223 11784 109 3
9471 12081 121 3
8773 11160 114 3
8773 11224 107 3
10000 12780 138 3
8041 10289 114 3
8126 10398 111 3
9214 11776 129 3
8308 10589 104 3
9235 11794 104 3
8485 10853 96 3
9286 11857 115 3
8690 11142 131 3
8813 11272 115 3
8560 10959 118 3
8352 10670 131 3
7845 10045 104 3
9225 11806 130 3
9026 11539 98 3
9140 11614 120 3
8982 11501 112 3
8135 10410 98 3
9186 11732 109 3
9498 12125 147 3
9190 11739 114 3
9129 11673 117 3
7875 10071 109 3
9510 12159 132 3
8698 11123 111 3
9425 12051 112 3
9425 12036 111 3
9342 11957 125 3
8898 11402 133 3
9660 12331 125 3
9530 12192 137 3
9396 12015 116 3
8392 10755 111 3
9154 11681 119 3
9706 12395 134 3
9122 11652 121 3
7799 9980 88 3
8401 10745 97 3
7871 10049 121 3
9063 11570 136 3
9202 11775 108 3
8891 11370 131 3
7995 10205 91 3
8958 11486 113 3
8732 11135 106 3
8945 11435 108 3
8289 10587 100 3
8870 11345 113 3
9243 11781 130 3
8867 11322 125 3
9350 11940 121 3
7875 10075 106 3
9337 11932 123 3
9146 11703 124 3
8767 11188 109 3
7860 10061 106 3
7753 9933 101 3
8980 11531 132 3
8209 10480 98 3
9471 12079 138 3
8650 11039 124 3
8627 11034 112 3
9324 11907 117 3
9814 12522 139 3
8706 11156 114 3
8355 10681 116 3
9525 12164 126 3
8138 10405 111 3
8025 10264 101 3
9426 12041 127 3
8611 10997 101 3
9280 11843 116 3
8795 11246 121 3
8963 11480 129 3
8324 10654 109 3
9026 11536 118 3
7738 9928 107 3
7987 10247 105 3
8167 10443 109 3
8188 10469 106 3
8201 10502 104 3
9710 12406 128 3
8583 10963 110 3
9038 11558 115 3
9122 11678 121 3
8958 11461 114 3
9400 11999 132 3
9530 12179 122 3
9418 12024 134 3
9095 11638 125 3
8379 10703 104 3
8973 11474 122 3
7764 9953 105 3
9332 11943 125 3
8580 10973 121 3
9266 11835 116 3
8424 10761 105 3
8594 11020 123 3
8913 11389 123 3
7715 9862 107 3
8963 11462 128 3
9325 11934 126 3
7839 10026 97 3
8005 10241 111 3
9553 12209 138 3
7473 9563 93 3
8940 11419 103 3
8881 11364 114 3
8861 11306 128 3
8468 10819 116 3
8369 10701 106 3
8967 11428 131 3
8768 11202 126 3
8977 11473 122 3
9402 12022 128 3
7804 9999 104 3
8540 10918 102 3
8362 10690 125 3
9067 11617 119 3
8396 10725 108 3
8726 11150 138 3
9155 11677 113 3
8932 11403 120 3
9063 11590 117 3
9913 12643 159 3
9355 11975 114 3
9333 11938 122 3
8656 11062 111 3
9078 11596 122 3
9134 11672 141 3
9063 11602 121 3
8256 10514 109 3
7941 10170 116 3
8015 10244 107 3
8938 11415 114 3
8484 10861 98 3
9454 12084 119 3
9606 12299 128 3
7903 10116 100 3
8253 10569 113 3
8164 10452 120 3
9794 12512 136 3
9548 12204 141 3
8752 11199 116 3
9096 11637 122 3
8321 10616 118 3
9233 11788 141 3
8742 11151 125 3
9781 12487 134 3
9128 11673 116 3
9548 12196 132 3
7998 10258 108 3
9549 12169 116 3
7782 9961 109 3
7769 9954 104 3
8420 10751 109 3
8492 10870 128 3
9383 11982 129 3
9143 11678 120 3
9173 11724 127 3
8193 10474 123 3
9472 12104 138 3
8178 10462 114 3
8916 11409 126 3
9281 11873 130 3
9587 12265 138 3
8504 10860 109 3
8011 10253 101 3
8302 10617 105 3
8877 11354 113 3
8998 11516 120 3
7996 10249 128 3
9295 11896 124 3
9431 12033 116 3
8496 10859 115 3
9025 11529 121 3
9424 12035 122 3
8654 11059 118 3
8150 10407 108 3
9008 11505 113 3
8648 11099 125 3
9809 12532 140 3
9296 11883 116 3
7797 9978 118 3
9091 11629 98 3
8722 11071 130 3
8780 11214 123 3
7793 9962 101 3
9147 11695 126 3
9280 11866 113 3
9237 11825 131 3
8679 11108 117 3
9471 12088 128 3
8816 11288 101 3
8898 11378 112 3
8332 10649 110 3
9189 11735 114 3
8605 11012 120 3
8691 11126 108 3
9486 12124 120 3
8902 11374 112 3
9065 11611 130 3
9571 12231 120 3
8213 10522 111 3
7780 9948 95 3
8396 10731 116 3
7795 10000 114 3
9108 11650 109 3
8831 11294 109 3
9330 11932 108 3
8778 11224 132 3
8552 10893 128 3
8322 10615 114 3
9940 12698 129 3
9841 12552 138 3
8846 11324 121 3
7862 10075 118 3
8908 11390 108 3
8950 11459 119 3
8960 11462 115 3
9134 11667 116 3
9446 12069 137 3
9315 11889 115 3
8274 10589 116 3
9178 11723 113 3
9410 11999 115 3
8786 11195 120 3
9029 11543 119 3
8393 10722 107 3
7977 10177 105 3
8456 10860 106 3
8992 11500 121 3
9641 12321 140 3
9210 11759 128 3
8470 10854 108 3
8856 11290 124 3
9017 11512 119 3
9309 11912 123 3
8940 11434 115 3
7764 9957 101 3
7663 9805 106 3
9066 11590 127 3
8998 11496 116 3
9162 11713 135 3
8886 11358 103 3
10052 12844 134 3
8219 10485 116 3
7699 9897 92 3
9392 11997 122 3
9061 11598 117 3
9137 11661 119 3
9020 11530 108 3
8131 10365 108 3
9384 11936 125 3
8976 11482 129 3
8235 10539 101 3
8783 11244 116 3
9638 12307 124 3
8593 11004 121 3
9409 12028 125 3
8139 10362 108 3
8719 11141 113 3
8945 11411 111 3
8332 10671 111 3
9405 12025 116 3
9405 12007 127 3
9217 11746 134 3
9870 12581 127 3
8148 10395 119 3
9814 12510 141 3
8601 11007 105 3
8995 11503 114 3
9280 11879 130 3
8485 10863 107 3
7747 9910 93 3
9429 12051 123 3
8912 11392 107 3
8283 10588 105 3
8267 10600 106 3
9626 12313 127 3
7921 10149 112 3
8885 11374 128 3
8721 11152 121 3
8917 11402 109 3
7762 9961 100 3
9462 12096 120 3
7892 10100 102 3
8802 11222 126 3
9198 11747 118 3
8966 11460 107 3
8754 11206 112 3
8592 11004 111 3
8246 10541 99 3
8263 10572 115 3
9260 11813 117 3
8400 10689 116 3
9137 11661 124 3
8623 11037 115 3
7981 10189 102 3
8418 10768 96 3
7666 9809 109 3
9531 12192 125 3
8477 10824 121 3
9639 12321 114 3
9066 11582 116 3
8365 10688 107 3
8427 10757 103 3
8843 11321 106 3
8240 10546 110 3
8269 10547 98 3
9305 11911 116 3
9358 11938 117 3
8324 10648 111 3
9114 11654 124 3
9766 12511 128 3
8877 11355 110 3
7729 9865 103 3
8435 10766 105 3
8791 11247 118 3
9461 12074 109 3
9286 11877 116 3
9384 12002 126 3
9455 12072 110 3
9713 12390 120 3
8143 10424 124 3
8765 11233 119 3
9281 11870 116 3
7951 10170 103 3
7879 10098 102 3
8655 11066 118 3
8716 11147 127 3
8360 10684 107 3
8991 11482 126 3
9191 11746 118 3
9288 11881 122 3
9346 11977 137 3
8551 10930 118 3
8561 10994 107 3
8483 10851 134 3
8905 11366 112 3
9085 11615 133 3
8960 11456 113 3
8180 10437 100 3
9332 11925 115 3
8336 10664 104 3
7894 10040 103 3
9592 12268 125 3
8447 10801 101 3
8840 11269 117 3
8571 10973 115 3
9015 11516 115 3
8768 11196 115 3
9165 11695 128 3
7930 10154 100 3
8373 10698 112 3
9089 11597 102 3
8342 10668 108 3
9165 11702 123 3
9582 12304 112 3
8265 10589 111 3
8532 10909 123 3
8858 11322 132 3
8195 10472 106 3
8599 11008 119 3
8992 11494 114 3
9323 11923 116 3
9241 11824 137 3
9331 11911 111 3
7972 10211 118 3
9232 11796 119 3
8851 11335 103 3
8998 11511 130 3
9707 12405 121 3
8845 11313 103 3
8470 10816 109 3
8289 10618 106 3
8903 11387 119 3
8472 10833 116 3
8337 10683 105 3
8787 11223 103 3
9106 11672 127 3
8975 11488 125 3
8167 10432 100 3
8175 10461 114 3
8931 11414 112 3
9153 11717 143 3
9533 12202 107 3
9066 11612 104 3
8895 11395 121 3
9267 11846 110 3
9362 11959 130 3
7974 10217 100 3
9280 11874 116 3
8556 10930 116 3
8817 11274 120 3
8443 10791 120 3
8313 10597 95 3
9266 11844 122 3
9366 11981 113 3
8499 10864 113 3
9108 11659 130 3
9303 11896 124 3
8821 11289 114 3
8197 10465 102 3
8143 10422 103 3
8740 11160 120 3
9174 11755 123 3
9086 11623 123 3
9767 12475 142 3
8525 10893 123 3
8794 11258 135 3
8519 10936 113 3
8664 11087 104 3
7909 10057 120 3
9810 12513 125 3
7896 10085 107 3
9614 12289 115 3
8396 10743 102 3
8694 11122 117 3
9121 11665 125 3
8852 11342 110 3
8230 10519 109 3
8784 11222 105 3
8763 11222 106 3
9128 11619 118 3
8737 11179 106 3
9909 12660 139 3
8927 11414 122 3
8470 10840 118 3
9288 11876 102 3
8393 10713 113 3
8831 11288 108 3
8166 10445 107 3
8442 10798 111 3
9242 11811 132 3
8211 10503 98 3
9061 11576 118 3
8595 11000 115 3
9170 11724 122 3
9388 12001 140 3
8317 10612 105 3
8913 11401 114 3
9191 11738 110 3
8060 10295 110 3
8863 11290 106 3
9038 11545 111 3
9132 11632 104 3
9102 11628 113 3
9397 12032 111 3
7804 9998 101 3
9249 11820 120 3
8493 10837 116 3
8964 11460 126 3
8675 11102 134 3
9071 11596 115 3
8660 11063 116 3
8581 10971 123 3
9078 11619 119 3
9256 11845 132 3
9144 11656 132 3
8139 10407 118 3
9122 11624 115 3
9571 12199 114 3
8720 11138 126 3
8474 10834 109 3
9432 12037 127 3
8379 10708 113 3
9038 11521 125 3
8793 11286 122 3
9085 11616 119 3
8950 11461 109 3
8589 11002 127 3
8806 11289 128 3
9278 11850 120 3
8792 11226 114 3
9171 11741 119 3
8111 10336 104 3
9271 11854 135 3
9005 11526 116 3
9013 11508 128 3
9493 12148 115 3
9678 12359 131 3
9127 11667 125 3
9229 11779 119 3
9664 12377 137 3
9567 12227 134 3
7602 9744 105 3
8916 11384 128 3
8184 10488 101 3
8769 11197 118 3
8285 10673 113 3
8577 10973 110 3
8115 10393 113 3
9190 11756 120 3
9542 12192 129 3
8163 10438 119 3
8446 10821 108 3
7603 9720 92 3
9413 12034 127 3
9079 11618 113 3
8858 11244 131 3
8410 10785 107 3
9724 12436 116 3
7836 10053 93 3
8234 10532 102 3
8742 11144 118 3
9382 11991 118 3
9011 11515 119 3
8072 10307 102 3
8903 11300 120 3
9263 11837 132 3
8819 11245 110 3
9102 11637 132 3
8656 11051 115 3
8830 11285 113 3
8304 10573 111 3
8655 11075 111 3
8348 10701 110 3
9184 11750 135 3
8522 10883 102 3
9179 11742 119 3
7608 9714 98 3
8370 10695 119 3
8405 10746 123 3
7880 10085 107 3
9746 12445 138 3
8519 10896 129 3
8045 10301 103 3
8609 10978 108 3
8777 11221 117 3
8456 10818 101 3
7581 9716 95 3
9339 11945 121 3
7850 10031 110 3
8358 10707 101 3
9261 11835 117 3
8970 11467 111 3
8358 10684 99 3
8050 10321 90 3
8442 10774 108 3
8858 11317 110 3
9357 12007 118 3
9262 11843 132 3
9088 11626 118 3
8909 11383 118 3
8530 10892 118 3
8685 11105 105 3
9677 12397 123 3
8398 10667 114 3
8311 10635 106 3
9080 11622 126 3
8930 11399 126 3
8385 10735 112 3
9053 11586 124 3
7736 9897 109 3
8354 10690 102 3
9555 12201 122 3
8335 10642 106 3
8366 10702 92 3
8907 11358 125 3
8567 10960 117 3
8499 10893 114 3
8400 10748 122 3
9225 11790 131 3
8517 10915 95 3
7825 10024 95 3
9040 11564 124 3
8521 10910 111 3
8953 11446 108 3
8975 11441 110 3
7582 9702 98 3
8413 10779 106 3
9005 11555 103 3
9101 11616 136 3
9684 12369 127 3
9347 11963 122 3
8280 10623 131 3
8460 10811 124 3
9212 11787 132 3
9033 11558 123 3
8567 10973 106 3
9275 11823 126 3
7978 10203 102 3
7909 10166 106 3
8162 10454 106 3
9370 11948 111 3
8837 11310 105 3
8108 10371 99 3
9174 11721 122 3
8618 11033 119 3
8637 10998 118 3
8763 11208 107 3
8185 10409 112 3
8332 10654 121 3
8838 11285 119 3
8077 10360 119 3
9826 12567 144 3
9030 11530 132 3
8782 11215 112 3
7894 10114 97 3
9128 11662 116 3
8933 11435 130 3
9365 11978 109 3
8631 11007 99 3
8634 11033 105 3
7774 9932 95 3
9227 11795 125 3
9073 11568 109 3
8484 10857 104 3
9247 11816 120 3
9493 12104 125 3
9020 11525 130 3
9519 12166 122 3
9179 11744 106 3
7881 10111 104 3
9075 11580 139 3
9124 11670 122 3
9004 11526 105 3
8244 10519 108 3
9181 11732 129 3
8597 10979 117 3
8568 10948 116 3
9772 12475 120 3
8606 10988 115 3
7950 10157 126 3
9722 12375 141 3
9186 11732 119 3
9973 12743 124 3
8840 11312 120 3
9554 12219 123 3
8362 10698 108 3
9621 12338 126 3
7520 9647 86 3
9654 12328 135 3
8606 10991 117 3
9259 11835 126 3
9666 12364 133 3
9061 11580 126 3
7618 9742 99 3
9569 12223 112 3
7874 10063 112 3
9094 11645 120 3
7805 9973 111 3
9098 11606 130 3
8230 10518 111 3
8880 11301 115 3
9790 12524 123 3
8539 10931 104 3
9935 12686 128 3
8867 11337 135 3
7844 10078 103 3
8782 11233 105 3
8605 11012 129 3
8434 10807 107 3
9751 12440 137 3
9605 12258 132 3
9558 12235 127 3
7777 9983 105 3
8678 11086 101 3
9870 12599 124 3
7972 10195 120 3
7891 10102 100 3
9317 11907 118 3
9086 11642 135 3
8956 11439 119 3
8424 10776 101 3
9305 11886 116 3
8404 10734 101 3
9061 11588 110 3
8749 11127 111 3
9138 11656 117 3
9474 12077 127 3
7973 10208 93 3
8712 11152 114 3
9502 12137 121 3
7812 10014 92 3
9474 12117 130 3
8205 10481 105 3
9282 11830 128 3
8993 11493 109 3
8238 10514 114 3
8123 10385 112 3
8961 11489 108 3
7738 9905 101 3
9111 11641 120 3
8690 11114 118 3
9617 12297 125 3
8512 10887 112 3
8397 10744 112 3
9197 105 112 3
8985 11513 131 3
9164 11713 129 3
8413 10760 122 3
9064 11613 108 3
8159 10406 102 3
8674 11079 103 3
8298 10648 111 3
9270 11834 127 3
8678 11084 106 3
8565 10946 106 3
8629 11045 112 3
9149 11686 134 3
7775 9966 107 3
8372 10729 112 3
8347 10669 112 3
8071 10333 111 3
8053 10312 110 3
9124 11664 109 3
8586 10983 128 3
8412 10742 102 3
8456 10798 105 3
8458 10826 113 3
9425 12074 119 3
9190 11712 127 3
9056 11588 126 3
8615 11025 97 3
9015 11522 124 3
7868 10093 108 3
8801 11238 110 3
8472 10831 114 3
9324 11912 117 3
9158 11703 130 3
8731 11147 117 3
9371 11948 138 3
8802 11246 129 3
8250 10580 112 3
8477 10831 125 3
8988 11510 132 3
9323 11919 125 3
9143 11698 110 3
9610 12294 138 3
7971 10224 108 3
9082 11624 113 3
8398 10751 97 3
9276 11829 127 3
7968 10200 109 3
8446 10804 112 3
8085 10325 101 3
9613 12307 140 3
9432 12071 128 3
8710 11161 126 3
9493 12122 115 3
9397 11994 141 3
9503 12129 128 3
9299 11824 138 3
8513 10881 114 3
8815 11256 130 3
7897 10107 113 3
9224 11864 124 3
7886 10099 103 3
8902 11376 130 3
8626 11004 121 3
9940 12649 126 3
9327 11942 127 3
8288 10615 120 3
8217 10511 100 3
9360 11959 117 3
7890 10083 103 3
8644 11043 116 3
8388 10711 127 3
8670 11164 113 3
8758 11212 110 3
8842 11278 120 3
9209 11752 119 3
8639 11047 120 3
9140 11675 122 3
7727 9942 106 3
9764 12470 131 3
7974 10202 100 3
9180 11733 130 3
9667 12357 127 3
9314 11903 108 3
9725 12377 119 3
8210 10478 116 3
8102 10363 115 3
7920 10129 113 3
9631 12323 128 3
8986 11483 126 3
9144 11646 135 3
8886 11355 101 3
8099 10327 125 3
9482 12113 117 3
9007 11522 114 3
9022 11568 116 3
9351 11953 132 3
9046 11558 113 3
9019 11526 125 3
9454 12079 139 3
7985 10224 108 3
8954 11435 119 3
8784 11207 122 3
8362 10697 109 3
9722 12443 125 3
9578 12216 109 3
8482 10859 115 3
9819 12568 122 3
8957 11439 115 3
8191 10504 117 3
9155 11733 116 3
8202 10492 117 3
8204 10512 90 3
9324 11942 113 3
8934 11430 118 3
8149 10388 91 3
8827 11264 123 3
8254 10509 102 3
9070 11604 128 3
8492 10870 112 3
8350 10663 99 3
9478 12114 133 3
8880 11377 118 3
8569 10958 121 3
9397 12005 119 3
8856 11320 115 3
7859 10020 114 3
9354 11895 119 3
9439 12063 133 3
7937 10121 113 3
8124 10379 110 3
9071 11570 121 3
8764 11211 98 3
8409 10740 101 3
8841 11306 134 3
8176 10447 107 3
8467 10862 107 3
8392 10716 117 3
8913 11394 118 3
8985 11480 134 3
8436 10824 109 3
8313 10643 120 3
8053 10309 114 3
9122 11659 122 3
9546 12224 129 3
8770 11198 118 3
9230 11807 126 3
8877 11357 115 3
8522 10893 109 3
8194 10484 119 3
7952 10202 92 3
8534 10929 112 3
9187 11735 121 3
8067 10358 102 3
8925 11399 114 3
8459 10816 97 3
8388 10736 107 3
9450 12084 117 3
9586 12286 132 3
7874 10067 93 3
9157 11712 121 3
9781 12505 121 3
9088 11624 117 3
8831 11300 111 3
9090 11624 130 3
9140 11692 121 3
8925 11401 115 3
9520 12148 137 3
8458 10832 97 3
9447 12074 123 3
8618 11040 126 3
9294 11882 124 3
9481 12123 131 3
8259 10576 99 3
8727 11163 117 3
8263 10562 111 3
8442 10785 105 3
7987 10214 106 3
8687 11072 112 3
8181 10445 103 3
8606 11012 114 3
9226 11801 112 3
8018 10235 96 3
9092 11634 136 3
7800 9994 114 3
8737 11185 112 3
7775 9933 112 3
8748 11193 112 3
8871 11333 121 3
8578 10954 114 3
9368 11967 109 3
8765 11213 124 3
9674 12366 114 3
8127 10380 104 3
8254 10535 114 3
8298 10604 93 3
9700 12392 141 3
9458 12080 124 3
8240 10550 100 3
7975 10211 117 3
9488 12116 119 3
8947 11440 120 3
8760 11211 88 3
9226 11797 133 3
9630 12310 122 3
8694 11105 108 3
9185 11747 118 3
7911 10116 102 3
8582 10966 122 3
8626 11033 117 3
9043 11549 123 3
9557 12211 138 3
9092 11613 124 3
8473 10841 124 3
8331 10671 102 3
8762 11214 103 3
8756 11174 114 3
8456 10819 112 3
8393 10750 100 3
7849 10033 110 3
8152 10442 96 3
7876 10074 110 3
8921 11397 121 3
8935 11402 120 3
8716 11150 110 3
9674 12362 131 3
7925 10125 108 3
8418 10722 105 3
9364 11944 130 3
8398 10726 123 3
8235 10529 107 3
8164 10449 109 3
8097 10368 110 3
8128 10413 91 3
9070 11579 122 3
8320 10645 112 3
9451 12123 121 3
8990 11437 123 3
9559 12184 128 3
8800 11244 134 3
9396 12002 132 3
8366 10691 100 3
7973 10215 99 3
9602 12261 136 3
8778 11230 113 3
9562 12229 118 3
8235 10521 126 3
8548 10916 107 3
8766 11221 104 3
9321 11909 120 3
9221 11779 110 3
7923 10141 98 3
9782 12467 140 3
8862 11360 125 3
7792 9972 111 3
9300 11871 131 3
8519 10899 110 3
8103 10347 100 3
8143 10405 102 3
8489 10862 123 3
9095 11611 119 3
8995 11502 103 3
8899 11375 105 3
8552 10943 120 3
9205 11764 120 3
9099 11653 101 3
8593 10980 124 3
9154 11688 120 3
9820 12550 137 3
9436 12074 132 3
8345 10654 104 3
8979 11466 113 3
8971 11456 117 3
9401 12011 136 3
9631 12284 126 3
8513 10881 105 3
9609 12289 139 3
8714 11153 120 3
8909 11387 116 3
8858 11301 118 3
8181 10473 92 3
9645 12337 111 3
9193 11738 123 3
7920 10114 105 3
8419 10798 121 3
8202 10488 109 3
8945 11433 123 3
8529 10908 120 3
9596 12286 114 3
7725 9896 103 3
8346 10663 112 3
8459 10791 96 3
9767 12477 119 3
8139 10324 108 3
8058 10304 109 3
8315 10619 114 3
9843 12562 147 3
8438 10792 111 3
8847 11308 119 3
8907 11332 120 3
8052 10307 96 3
8129 10433 114 3
8892 11390 116 3
9581 12203 127 3
8803 11255 118 3
8682 11101 114 3
8191 10490 96 3
9071 11630 128 3
8546 10935 111 3
7862 10030 115 3
9281 11859 127 3
9106 11671 123 3
9379 11985 130 3
7829 10023 109 3
9135 11642 139 3
9100 11652 118 3
9396 11980 139 3
8960 11457 115 3
9042 11575 125 3
8639 11071 107 3
8400 10711 124 3
9241 11830 144 3
9105 11652 116 3
8198 10488 106 3
9128 11671 117 3
8001 10226 117 3
9475 12113 128 3
8938 11415 98 3
7922 10131 95 3
8214 10562 121 3
8048 10298 114 3
8651 11047 116 3
8095 10344 102 3
8568 10950 111 3
9317 11907 135 3
8449 10782 105 3
8144 10429 113 3
9473 12115 121 3
8655 11097 116 3
9412 12029 127 3
8788 11189 106 3
8167 10435 110 3
8297 10627 96 3
8082 10332 106 3
7842 10042 94 3
8887 11256 119 3
8652 11055 116 3
9124 11666 120 3
9534 12181 126 3
8861 11319 121 3
8702 11091 119 3
8975 11460 120 3
8153 10421 102 3
8784 11179 116 3
9337 11939 109 3
9301 11914 115 3
8005 10252 103 3
8427 10764 102 3
9591 12251 121 3
7991 10234 94 3
8858 11333 124 3
8178 10463 105 3
8299 10611 99 3
9547 12186 127 3
8887 11384 128 3
8711 11160 114 3
8218 10526 102 3
7904 10149 114 3
8758 11195 120 3
8775 11223 115 3
9370 11966 130 3
8556 10918 128 3
9189 11728 131 3
7837 10032 90 3
9338 11942 130 3
9251 11830 135 3
9248 11821 126 3
9343 11924 134 3
8363 10701 113 3
9090 11626 131 3
8449 10837 107 3
9003 11536 118 3
8176 10465 102 3
9003 11506 118 3
9088 11599 123 3
8405 10728 96 3
7783 9958 96 3
7892 10092 94 3
9706 12414 142 3
8437 10794 100 3
8735 11166 136 3
9549 12195 125 3
9255 11835 118 3
9222 11760 121 3
8102 10358 108 3
9230 11779 121 3
8471 10849 112 3
8271 10593 98 3
9055 11550 101 3
8294 10579 110 3
7862 10073 98 3
9123 11688 132 3
9559 12207 124 3
7746 9885 105 3
9634 12273 121 3
8735 11193 118 3
7855 10060 104 3
9723 12417 133 3
8610 11033 108 3
7905 10136 114 3
9301 11884 112 3
9298 11892 139 3
8371 10709 108 3
8496 10875 114 3
9119 11674 131 3
9250 11834 123 3
8923 11409 116 3
8942 11466 120 3
8676 11079 100 3
8939 11370 123 3
7980 10190 107 3
9253 11835 126 3
7866 10073 106 3
9649 12333 140 3
8614 10973 111 3
9680 12373 127 3
8840 11315 112 3
8865 11328 118 3
8488 10849 114 3
8736 11168 104 3
9271 11856 115 3
8703 11134 116 3
9085 11630 123 3
9332 11956 113 3
9598 12260 124 3
8676 11118 117 3
8577 10934 108 3
9377 11963 128 3
8448 10820 112 3
9075 11608 136 3
7955 10195 117 3
9768 12485 142 3
7465 9577 92 3
8375 10689 107 3
8967 11456 109 3
8788 11273 101 3
8102 10372 114 3
9054 11564 112 3
9569 12182 134 3
7816 9991 112 3
8765 11192 119 3
8910 11385 106 3
8969 11468 120 3
9548 12207 132 3
8883 11346 125 3
8759 11205 116 3
9352 11961 125 3
9018 11503 116 3
8630 11031 110 3
9398 12026 119 3
8046 10278 124 3
7829 10024 109 3
9350 11956 133 3
8697 11101 121 3
9167 11712 116 3
7667 9792 103 3
9040 11551 130 3
7779 9964 105 3
8710 11127 117 3
9242 11778 128 3
9245 11804 134 3
8915 11422 113 3
8961 11456 116 3
9053 11567 111 3
8461 10860 119 3
7842 10045 104 3
8870 11340 118 3
8052 10310 107 3
8066 10320 105 3
7795 9983 94 3
8458 10819 122 3
9696 12377 114 3
8819 11223 111 3
8678 11096 110 3
9446 12083 117 3
9674 12346 126 3
9643 12317 138 3
8249 10539 94 3
8972 11502 140 3
8394 10720 119 3
9247 11832 105 3
8863 11284 121 3
8880 11344 124 3
9630 12309 130 3
8007 10242 105 3
8861 11304 127 3
8690 11126 113 3
9022 11541 126 3
9025 11548 109 3
8892 11335 131 3
8805 11265 116 3
8587 10996 121 3
9620 12295 118 3
8988 11481 122 3
8199 10476 112 3
9918 12654 128 3
9283 11847 113 3
8850 11282 110 3
7770 9944 103 3
8592 10986 121 3
9362 11940 110 3
8902 11391 126 3
8597 10995 124 3
9186 11734 121 3
9390 12012 119 3
7846 9995 108 3
9158 11688 123 3
9292 11883 137 3
8802 11258 119 3
9100 11647 122 3
8671 11114 115 3
8034 10285 99 3
9396 12027 116 3
9055 11566 124 3
9467 12071 128 3
8892 11398 113 3
8362 10701 116 3
9276 11871 116 3
9437 12107 117 3
7887 10094 111 3
8236 10527 105 3
9165 11709 131 3
8499 10859 122 3
8939 11416 116 3
9251 11833 134 3
8874 11345 127 3
9131 11659 130 3
9580 12247 130 3
7987 10211 96 3
9077 11578 136 3
8528 10920 109 3
9243 11825 109 3
9704 12391 131 3
8761 11185 117 3
9055 11607 122 3
8304 10597 110 3
8572 10952 131 3
8665 11079 135 3
8816 11253 118 3
9220 11788 129 3
9045 11564 117 3
8444 10803 127 3
9091 11617 126 3
7784 9944 104 3
8674 11085 104 3
8967 11474 119 3
8585 10989 116 3
8733 11121 114 3
8791 11231 117 3
8354 10649 107 3
7971 10193 99 3
9253 11827 116 3
8824 11280 111 3
8192 10472 105 3
8614 11020 102 3
8544 10926 110 3
7598 9743 107 3
8709 11099 114 3
8459 10827 126 3
8878 11358 113 3
8170 10431 101 3
9047 11569 133 3
8523 10898 127 3
8655 11088 111 3
8555 10938 103 3
9419 12022 118 3
9301 11865 117 3
9505 12139 125 3
8583 10929 108 3
9453 12085 118 3
9899 12649 128 3
9370 11960 140 3
9097 11635 119 3
8599 10979 122 3
7973 10197 101 3
8581 10981 124 3
8788 11224 110 3
8271 10566 117 3
8398 10734 130 3
9052 11591 114 3
9545 12205 133 3
9130 11677 102 3
8138 10381 120 3
8115 10353 118 3
9448 12073 115 3
8846 11327 117 3
8821 11283 113 3
7739 9917 99 3
8476 10835 114 3
7889 10085 107 3
8506 10896 112 3
9455 12086 136 3
9826 12552 123 3
8238 10533 109 3
9305 11893 125 3
8468 10828 111 3
9149 11676 109 3
9898 12647 129 3
9683 12389 134 3
8804 11247 113 3
9522 12184 131 3
9249 11820 113 3
9022 11531 124 3
9606 12287 110 3
7767 9953 96 3
9075 11551 133 3
9451 12021 131 3
9362 11928 126 3
8990 11483 121 3
8676 11108 114 3
9184 11723 111 3
9016 11520 119 3
9822 12558 134 3
8096 10334 97 3
8407 10754 94 3
9170 11697 121 3
8877 11360 115 3
9682 12324 122 3
8977 11478 118 3
9290 11873 133 3
8691 11085 118 3
9017 11490 130 3
8393 10696 104 3
8499 10872 110 3
8653 11047 106 3
8553 10916 114 3
9089 11639 118 3
9378 11992 125 3
9348 11918 105 3
9727 12432 121 3
9202 11759 128 3
9052 11529 111 3
9082 11608 121 3
9076 11616 112 3
9403 12011 129 3
9496 12148 131 3
8015 10257 100 3
8943 11413 112 3
8003 10224 93 3
8085 10325 106 3
9091 11636 107 3
8662 11087 118 3
9468 12162 138 3
7719 9886 106 3
9082 11578 119 3
7782 9953 99 3
8834 11276 108 3
8798 11269 131 3
9209 11781 116 3
9079 11593 117 3
8641 11068 105 3
7667 9816 96 3
8634 11029 126 3
8925 11416 109 3
8936 11401 127 3
9147 11710 116 3
9343 11951 131 3
9473 12112 129 3
9263 11828 110 3
9194 11745 120 3
8372 10707 100 3
8907 11401 114 3
8602 11025 118 3
9047 11556 113 3
8993 11509 113 3
8823 11267 131 3
9516 12148 114 3
9937 12650 131 3
8531 10931 112 3
8631 11039 112 3
9161 11706 119 3
8634 11064 128 3
9065 11597 105 3
9262 11875 130 3
9582 12206 138 3
8564 10929 107 3
8890 11357 116 3
8759 11204 100 3
9085 11623 110 3
8571 10998 111 3
9189 11729 118 3
8603 10999 116 3
7842 10026 100 3
9568 12225 124 3
8414 10773 118 3
8130 10381 99 3
9384 11971 129 3
8994 11481 119 3
9433 12050 121 3
8398 10745 108 3
7760 9915 116 3
8147 10403 105 3
7764 9949 105 3
8056 10307 113 3
8791 11234 108 3
8733 11180 137 3
9134 11621 119 3
9302 11882 126 3
9362 11978 117 3
8927 11416 123 3
7919 10123 104 3
9195 11737 134 3
9241 11804 112 3
8719 11081 123 3
9087 11613 110 3
8553 10947 104 3
8591 10995 117 3
9391 12016 111 3
9297 11879 124 3
9860 12591 128 3
8235 10530 109 3
9438 12076 123 3
9755 12392 134 3
8452 10806 110 3
8533 10923 124 3
7497 9599 111 3
8372 10696 129 3
8521 10915 107 3
9189 11745 115 3
8599 10978 106 3
8926 11411 120 3
9671 12362 122 3
8016 10275 105 3
8772 11221 121 3
8787 11211 118 3
8578 10946 115 3
8538 10944 127 3
8424 10748 127 3
9075 11614 121 3
9358 12000 127 3
9196 11700 115 3
9146 11678 100 3
9283 11888 116 3
8186 10407 114 3
9089 11591 138 3
8150 10413 113 3
8796 11242 106 3
8081 10296 104 3
8853 11320 124 3
9181 11728 118 3
10052 12833 138 3
9410 12014 127 3
9059 11599 119 3
9385 12023 115 3
9078 11601 118 3
9164 11640 129 3
9313 11870 116 3
8310 10642 103 3
8978 11437 124 3
8872 11339 113 3
9278 11880 122 3
7901 10120 112 3
9956 12705 128 3
9013 11546 118 3
8017 10232 102 3
8173 10443 122 3
9779 12492 132 3
8069 10300 111 3
9315 11862 120 3
9448 12048 120 3
8046 10281 117 3
7812 9990 110 3
9586 12242 124 3
8843 11316 114 3
8402 10737 110 3
8247 10535 110 3
8818 11245 129 3
7800 9988 98 3
9355 11943 126 3
8565 10948 118 3
8420 10765 99 3
7548 9676 109 3
8534 10906 114 3
8896 11386 118 3
8942 11433 127 3
9129 11659 122 3
9305 11870 117 3
9435 12067 114 3
9499 12137 123 3
9204 11776 129 3
8487 10890 115 3
8438 10790 114 3
7915 10127 100 3
9703 12373 126 3
9061 11581 132 3
8687 11086 110 3
8456 10802 117 3
8477 10861 103 3
9042 11562 104 3
9091 11620 112 3
9629 12304 127 3
8312 10634 112 3
9017 11536 127 3
7763 9904 91 3
9505 12144 136 3
9770 12479 122 3
8737 11160 127 3
8322 10614 109 3
8319 10630 113 3
9310 11865 127 3
8320 10629 115 3
7469 9559 97 3
8950 11434 120 3
9053 11569 117 3
9382 11990 107 3
8543 10923 111 3
9202 11741 126 3
9774 12472 128 3
8855 11338 114 3
9486 12110 129 3
9436 12032 137 3
8038 10272 110 3
9826 12558 130 3
9292 11891 131 3
9264 11825 130 3
8180 10448 119 3
7948 10164 107 3
9548 12164 121 3
9693 12379 120 3
8075 10297 104 3
7971 10199 97 3
8551 10944 103 3
9137 11668 129 3
8449 10810 115 3
8983 11470 119 3
8437 10785 109 3
8231 10541 112 3
8591 10962 111 3
9362 11984 118 3
8852 11327 104 3
8775 11221 132 3
9333 11920 112 3
9478 12123 111 3
9279 11871 119 3
9509 12146 123 3
8159 10420 100 3
9734 12428 137 3
9413 12019 131 3
9464 12106 115 3
8497 10847 106 3
7934 10122 101 3
9590 12258 121 3
8395 10762 100 3
9168 11719 142 3
9047 11506 105 3
8510 10904 114 3
9819 12537 132 3
8418 10788 117 3
8840 11295 121 3
8861 11334 132 3
8896 11378 127 3
9327 11913 117 3
9381 12010 136 3
9115 11627 111 3
7727 9896 105 3
8539 10934 121 3
9406 12016 132 3
8090 10339 108 3
9738 12423 129 3
9382 11996 127 3
8495 10859 113 3
8831 11232 115 3
9283 11867 110 3
9157 11695 128 3
8794 11239 118 3
8551 10943 124 3
8491 10859 106 3
8700 11103 104 3
9650 12318 122 3
8404 10742 108 3
8171 10449 102 3
8698 11102 112 3
8282 10595 107 3
9438 12064 128 3
8247 10576 98 3
8169 10483 110 3
8852 11330 114 3
8442 10790 100 3
9647 12331 129 3
9349 11937 126 3
8927 11422 110 3
8846 11300 107 3
8388 10719 104 3
9168 11705 130 3
8468 10825 123 3
9657 12351 142 3
9164 11731 120 3
8476 10777 117 3
8051 10296 117 3
7825 10018 99 3
7989 10237 102 3
8243 10511 119 3
8316 10644 103 3
9325 11918 109 3
8714 11144 137 3
8954 11457 128 3
8431 10746 108 3
9367 11977 109 3
8478 10818 121 3
8208 10485 105 3
9638 12321 116 3
8695 11095 120 3
8389 10739 104 3
9378 12025 131 3
9047 11560 124 3
8687 11110 116 3
8918 11453 119 3
8703 11137 116 3
9659 12322 124 3
9637 12293 115 3
9510 12166 139 3
8043 10306 109 3
8034 10293 100 3
8518 10903 112 3
8428 10770 123 3
8072 10316 114 3
9269 11846 119 3
7890 10101 111 3
8153 10407 101 3
8297 10621 111 3
8764 11238 116 3
7997 10235 110 3
8808 11258 128 3
8960 11476 117 3
8066 10289 106 3
9107 11667 124 3
9868 12586 133 3
8895 11379 116 3
9420 12005 124 3
9589 12265 144 3
9047 11589 117 3
9367 11974 116 3
7830 10021 112 3
8850 11318 104 3
9735 12448 129 3
8280 10609 107 3
9180 11694 136 3
8149 10435 108 3
8913 11423 94 3
7818 10012 125 3
8707 11161 114 3
8961 11470 124 3
8851 11311 116 3
9266 11840 105 3
9117 11676 115 3
9314 11902 130 3
9390 12013 121 3
8509 10878 115 3
8240 10467 112 3
9100 11615 127 3
8323 10661 97 3
9425 12053 116 3
9183 11733 124 3
8482 10849 133 3
9540 12189 123 3
9177 11743 138 3
9024 11517 123 3
8956 11441 121 3
8859 11350 133 3
9768 12489 137 3
8992 11483 132 3
9320 11896 120 3
8776 11226 105 3
9642 12309 133 3
9626 12301 123 3
8553 10947 129 3
9433 12026 133 3
8241 10571 109 3
8331 10643 102 3
8419 10776 114 3
8177 10442 114 3
8382 10704 98 3
8792 11237 89 3
9313 11903 124 3
8478 10841 116 3
9613 12329 126 3
8586 10988 111 3
8569 10951 117 3
8869 11321 104 3
8536 10947 119 3
9840 12570 132 3
7985 10222 110 3
9219 11795 113 3
9156 11702 129 3
8646 11053 119 3
9054 11600 107 3
8065 10317 119 3
8410 10745 107 3
9336 11926 113 3
9310 11899 130 3
7890 10078 106 3
8417 10776 97 3
8575 10931 122 3
8136 10429 110 3
9302 11883 116 3
8612 11032 95 3
8655 11063 129 3
8922 11402 128 3
8542 10941 112 3
8767 11217 121 3
8947 11439 109 3
9209 11774 113 3
9388 11994 154 3
7763 9919 98 3
9399 12009 117 3
8718 11142 115 3
9797 12508 128 3
9564 12177 111 3
9112 11625 124 3
9333 11930 115 3
8842 11276 118 3
8186 10476 104 3
9376 12010 118 3
9352 11971 128 3
8910 11386 117 3
9336 11935 122 3
9294 11866 116 3
7885 10081 97 3
8610 11014 116 3
8394 10725 112 3
8640 11047 118 3
7944 10154 108 3
9550 12185 146 3
9230 11797 139 3
7883 10097 96 3
7780 9958 114 3
9677 12366 120 3
8491 10852 124 3
9951 12724 139 3
9177 11745 125 3
9338 11934 118 3
8843 11321 111 3
8975 11477 128 3
9568 12223 110 3
9607 12270 141 3
8419 10784 114 3
9640 12261 137 3
9213 11779 141 3
7910 10115 101 3
9133 11658 113 3
8888 11386 110 3
9203 11703 110 3
8750 11154 108 3
9919 12690 149 3
7416 9511 93 3
9632 12323 121 3
9083 11614 116 3
9102 11635 117 3
9047 11564 115 3
9127 11656 118 3
9532 12161 136 3
8935 11410 107 3
9309 11880 116 3
8962 11433 104 3
8737 11193 123 3
8620 11040 95 3
9498 12145 115 3
9323 11937 129 3
8708 11139 111 3
9535 12193 114 3
9200 11722 126 3
9453 12070 133 3
9927 12705 133 3
8405 10779 116 3
8067 10326 94 3
9297 11870 117 3
9107 11606 126 3
9499 12169 110 3
8092 10388 102 3
8467 10788 116 3
8975 11442 118 3
8846 11296 106 3
8350 10685 107 3
8824 11245 109 3
9024 11564 118 3
8712 11110 105 3
8876 11346 129 3
8440 10787 116 3
8366 10715 117 3
8351 10678 116 3
9207 11779 118 3
8233 10500 120 3
9380 11989 116 3
8590 11026 108 3
9176 11719 138 3
7967 10194 113 3
8447 10804 103 3
8777 11224 125 3
8984 11477 114 3
8980 11477 112 3
9778 12482 138 3
9495 12133 130 3
7965 10191 98 3
8406 10784 115 3
9215 11777 134 3
8908 11396 131 3
9067 11616 103 3
9143 11667 130 3
9701 12393 113 3
8428 10771 111 3
8558 10935 103 3
8681 11087 110 3
9286 11862 129 3
8558 10931 121 3
8187 10508 122 3
8220 10503 104 3
9042 11574 132 3
8790 11250 111 3
8983 11487 121 3
8759 11221 125 3
8321 10654 100 3
8080 10338 109 3
8847 11304 126 3
8067 10308 118 3
9021 11549 114 3
8710 11130 115 3
8989 11465 116 3
7866 10099 100 3
9020 11540 129 3
8198 10491 118 3
9526 12182 129 3
7859 10064 118 3
8924 11413 118 3
8749 11191 111 3
9015 11517 117 3
7733 9908 109 3
8554 10921 98 3
